[INFO] Scanning for projects...
[WARNING] 
[WARNING] Some problems were encountered while building the effective model for com.indigo:iam-core:jar:1.0.0
[WARNING] 'build.plugins.plugin.version' for org.springframework.boot:spring-boot-maven-plugin is missing. @ line 87, column 21
[WARNING] 
[WARNING] It is highly recommended to fix these problems because they threaten the stability of your build.
[WARNING] 
[WARNING] For this reason, future Maven versions might no longer support building such malformed projects.
[WARNING] 
[INFO] 
[INFO] ------------------------< com.indigo:iam-core >-------------------------
[INFO] Building iam-core 1.0.0
[INFO]   from pom.xml
[INFO] --------------------------------[ jar ]---------------------------------
[INFO] 
[INFO] >>> spring-boot:3.5.3:run (default-cli) > test-compile @ iam-core >>>
[INFO] 
[INFO] --- resources:3.3.0:resources (default-resources) @ iam-core ---
[INFO] Copying 2 resources
[INFO] 
[INFO] --- compiler:3.11.0:compile (default-compile) @ iam-core ---
[INFO] Changes detected - recompiling the module! :source
[INFO] Compiling 12 source files with javac [debug target 17] to target/classes
[INFO] 
[INFO] --- resources:3.3.0:testResources (default-testResources) @ iam-core ---
[INFO] skip non existing resourceDirectory /Users/sxc/company/IndigoByte Studios/SynapseMOMPlatform/SynapseMOM/foundation-module/iam-service/iam-core/src/test/resources
[INFO] 
[INFO] --- compiler:3.11.0:testCompile (default-testCompile) @ iam-core ---
[INFO] No sources to compile
[INFO] 
[INFO] <<< spring-boot:3.5.3:run (default-cli) < test-compile @ iam-core <<<
[INFO] 
[INFO] 
[INFO] --- spring-boot:3.5.3:run (default-cli) @ iam-core ---
[INFO] Attaching agents: []
Standard Commons Logging discovery in action with spring-jcl: please remove commons-logging.jar from classpath in order to avoid potential conflicts
17:02:29,997 |-INFO in ch.qos.logback.classic.LoggerContext[default] - This is logback-classic version 1.4.14
17:02:29,998 |-INFO in ch.qos.logback.classic.util.ContextInitializer@1a482e36 - Here is a list of configurators discovered as a service, by rank: 
17:02:29,998 |-INFO in ch.qos.logback.classic.util.ContextInitializer@1a482e36 -   org.springframework.boot.logging.logback.RootLogLevelConfigurator
17:02:29,998 |-INFO in ch.qos.logback.classic.util.ContextInitializer@1a482e36 - They will be invoked in order until ExecutionStatus.DO_NOT_INVOKE_NEXT_IF_ANY is returned.
17:02:29,998 |-INFO in ch.qos.logback.classic.util.ContextInitializer@1a482e36 - Constructed configurator of type class org.springframework.boot.logging.logback.RootLogLevelConfigurator
17:02:30,004 |-INFO in ch.qos.logback.classic.util.ContextInitializer@1a482e36 - org.springframework.boot.logging.logback.RootLogLevelConfigurator.configure() call lasted 0 milliseconds. ExecutionStatus=INVOKE_NEXT_IF_ANY
17:02:30,004 |-INFO in ch.qos.logback.classic.util.ContextInitializer@1a482e36 - Trying to configure with ch.qos.logback.classic.joran.SerializedModelConfigurator
17:02:30,004 |-INFO in ch.qos.logback.classic.util.ContextInitializer@1a482e36 - Constructed configurator of type class ch.qos.logback.classic.joran.SerializedModelConfigurator
17:02:30,005 |-INFO in ch.qos.logback.classic.LoggerContext[default] - Could NOT find resource [logback-test.scmo]
17:02:30,005 |-INFO in ch.qos.logback.classic.LoggerContext[default] - Could NOT find resource [logback.scmo]
17:02:30,005 |-INFO in ch.qos.logback.classic.util.ContextInitializer@1a482e36 - ch.qos.logback.classic.joran.SerializedModelConfigurator.configure() call lasted 1 milliseconds. ExecutionStatus=INVOKE_NEXT_IF_ANY
17:02:30,005 |-INFO in ch.qos.logback.classic.util.ContextInitializer@1a482e36 - Trying to configure with ch.qos.logback.classic.util.DefaultJoranConfigurator
17:02:30,006 |-INFO in ch.qos.logback.classic.util.ContextInitializer@1a482e36 - Constructed configurator of type class ch.qos.logback.classic.util.DefaultJoranConfigurator
17:02:30,006 |-INFO in ch.qos.logback.classic.LoggerContext[default] - Could NOT find resource [logback-test.xml]
17:02:30,007 |-INFO in ch.qos.logback.classic.LoggerContext[default] - Found resource [logback.xml] at [jar:file:/Users/sxc/Documents/tool/m2/report/com/indigo/synapse-core/1.0.0/synapse-core-1.0.0.jar!/logback.xml]
17:02:30,009 |-INFO in ch.qos.logback.core.joran.spi.ConfigurationWatchList@72967906 - URL [jar:file:/Users/sxc/Documents/tool/m2/report/com/indigo/synapse-core/1.0.0/synapse-core-1.0.0.jar!/logback.xml] is not of type file
17:02:30,048 |-WARN in ch.qos.logback.core.model.processor.ImplicitModelHandler - Ignoring unknown property [springProfile] in [ch.qos.logback.classic.LoggerContext]
17:02:30,048 |-WARN in ch.qos.logback.core.model.processor.ImplicitModelHandler - Ignoring unknown property [springProfile] in [ch.qos.logback.classic.LoggerContext]
17:02:30,048 |-INFO in ch.qos.logback.core.model.processor.AppenderModelHandler - Processing appender named [CONSOLE]
17:02:30,048 |-INFO in ch.qos.logback.core.model.processor.AppenderModelHandler - About to instantiate appender of type [ch.qos.logback.core.ConsoleAppender]
17:02:30,050 |-INFO in ch.qos.logback.core.model.processor.ImplicitModelHandler - Assuming default type [ch.qos.logback.classic.encoder.PatternLayoutEncoder] for [encoder] property
17:02:30,059 |-INFO in ch.qos.logback.core.model.processor.AppenderModelHandler - Processing appender named [FILE]
17:02:30,059 |-INFO in ch.qos.logback.core.model.processor.AppenderModelHandler - About to instantiate appender of type [ch.qos.logback.core.rolling.RollingFileAppender]
17:02:30,061 |-INFO in c.q.l.core.rolling.TimeBasedRollingPolicy@1536031937 - No compression will be used
17:02:30,061 |-INFO in c.q.l.core.rolling.TimeBasedRollingPolicy@1536031937 - Will use the pattern logs/spring.application.name_IS_UNDEFINED.%d{yyyy-MM-dd}.log for the active file
17:02:30,069 |-INFO in c.q.l.core.rolling.DefaultTimeBasedFileNamingAndTriggeringPolicy - The date pattern is 'yyyy-MM-dd' from file name pattern 'logs/spring.application.name_IS_UNDEFINED.%d{yyyy-MM-dd}.log'.
17:02:30,069 |-INFO in c.q.l.core.rolling.DefaultTimeBasedFileNamingAndTriggeringPolicy - Roll-over at midnight.
17:02:30,072 |-INFO in c.q.l.core.rolling.DefaultTimeBasedFileNamingAndTriggeringPolicy - Setting initial period to 2025-07-30T09:02:18.830Z
17:02:30,072 |-INFO in ch.qos.logback.core.model.processor.ImplicitModelHandler - Assuming default type [ch.qos.logback.classic.encoder.PatternLayoutEncoder] for [encoder] property
17:02:30,074 |-INFO in ch.qos.logback.core.rolling.RollingFileAppender[FILE] - Active log file name: logs/spring.application.name_IS_UNDEFINED.log
17:02:30,074 |-INFO in ch.qos.logback.core.rolling.RollingFileAppender[FILE] - File property is set to [logs/spring.application.name_IS_UNDEFINED.log]
17:02:30,074 |-INFO in ch.qos.logback.classic.model.processor.RootLoggerModelHandler - Setting level of ROOT logger to INFO
17:02:30,074 |-INFO in ch.qos.logback.core.model.processor.AppenderRefModelHandler - Attaching appender named [CONSOLE] to Logger[ROOT]
17:02:30,074 |-INFO in ch.qos.logback.core.model.processor.AppenderRefModelHandler - Attaching appender named [FILE] to Logger[ROOT]
17:02:30,074 |-INFO in ch.qos.logback.classic.model.processor.LoggerModelHandler - Setting level of logger [com.indigo.core] to INFO
17:02:30,074 |-INFO in ch.qos.logback.classic.model.processor.LoggerModelHandler - Setting level of logger [org.springframework] to INFO
17:02:30,074 |-INFO in ch.qos.logback.classic.model.processor.LoggerModelHandler - Setting level of logger [org.hibernate] to INFO
17:02:30,074 |-INFO in ch.qos.logback.core.model.processor.DefaultProcessor@2f9f7dcf - End of configuration.
17:02:30,075 |-INFO in ch.qos.logback.classic.joran.JoranConfigurator@747ddf94 - Registering current configuration as safe fallback point
17:02:30,075 |-INFO in ch.qos.logback.classic.util.ContextInitializer@1a482e36 - ch.qos.logback.classic.util.DefaultJoranConfigurator.configure() call lasted 69 milliseconds. ExecutionStatus=DO_NOT_INVOKE_NEXT_IF_ANY

2025-07-30 17:02:30.280 [main] INFO  [NacosLogging] - Nacos Logging Adapter Builder: com.alibaba.nacos.logger.adapter.logback12.LogbackNacosLoggingAdapterBuilder
2025-07-30 17:02:30.282 [main] INFO  [NacosLogging] - Nacos Logging Adapter Builder: com.alibaba.nacos.logger.adapter.logback14.LogbackNacosLoggingAdapterBuilder
2025-07-30 17:02:30.282 [main] INFO  [NacosLogging] - Nacos Logging Adapter: com.alibaba.nacos.logger.adapter.logback14.LogbackNacosLoggingAdapter match ch.qos.logback.classic.Logger success.
2025-07-30 17:02:30.283 [main] DEBUG [SearchableProperties] - properties search order:PROPERTIES->JVM->ENV
2025-07-30 17:02:30.285 [main] INFO  [NacosLogging] - Nacos Logging Adapter Builder: com.alibaba.nacos.logger.adapter.log4j2.Log4j2NacosLoggingAdapterBuilder
2025-07-30 17:02:30.286 [background-preinit] DEBUG [logging] - Logging Provider: org.jboss.logging.Slf4jLoggerProvider found via system property
2025-07-30 17:02:30.286 [background-preinit] INFO  [Version] - HV000001: Hibernate Validator 8.0.1.Final

  .   ____          _            __ _ _
 /\\ / ___'_ __ _ _(_)_ __  __ _ \ \ \ \
( ( )\___ | '_ | '_| | '_ \/ _` | \ \ \ \
 \\/  ___)| |_)| | | | | || (_| |  ) ) ) )
  '  |____| .__|_| |_|_| |_\__, | / / / /
 =========|_|==============|___/=/_/_/_/
 :: Spring Boot ::                (v3.2.3)

2025-07-30 17:02:30.476 [main] INFO  [IAMApplication] - The following 1 profile is active: "dev"
2025-07-30 17:02:30.892 [main] INFO  [RepositoryConfigurationDelegate] - Multiple Spring Data modules found, entering strict repository configuration mode
2025-07-30 17:02:30.893 [main] INFO  [RepositoryConfigurationDelegate] - Bootstrapping Spring Data Redis repositories in DEFAULT mode.
2025-07-30 17:02:30.904 [main] INFO  [RepositoryConfigurationDelegate] - Finished Spring Data repository scanning in 5 ms. Found 0 Redis repository interfaces.
2025-07-30 17:02:31.007 [main] INFO  [GenericScope] - BeanFactory id=2ce80c5a-ba0b-30f8-acb9-a9387343e54b
2025-07-30 17:02:31.076 [main] INFO  [SqlAnnotationAutoConfiguration] - 开始扫描@AutoRepository注解的接口...
2025-07-30 17:02:31.116 [main] INFO  [Reflections] - Reflections took 34 ms to scan 7 urls, producing 88 keys and 294 values
2025-07-30 17:02:31.121 [main] INFO  [SqlAnnotationAutoConfiguration] - 找到1个带有@AutoRepository注解的接口
2025-07-30 17:02:31.121 [main] INFO  [SqlAnnotationAutoConfiguration] - 发现Repository接口: com.indigo.iam.repository.service.TenantsRepository
2025-07-30 17:02:31.127 [main] INFO  [SqlAnnotationAutoConfiguration] - Registered AutoRepository proxy: TenantsRepository as com.indigo.iam.repository.service.TenantsRepository
2025-07-30 17:02:31.130 [main] WARN  [PostProcessorRegistrationDelegate$BeanPostProcessorChecker] - Bean 'TenantsRepository' of type [com.indigo.databases.config.ProxyFactoryBean] is not eligible for getting processed by all BeanPostProcessors (for example: not eligible for auto-proxying). Is this bean getting eagerly injected into a currently created BeanPostProcessor [methodValidationPostProcessor]? Check the corresponding BeanPostProcessor declaration and its dependencies.
2025-07-30 17:02:31.143 [main] WARN  [PostProcessorRegistrationDelegate$BeanPostProcessorChecker] - Bean 'org.apache.seata.spring.boot.autoconfigure.SeataCoreAutoConfiguration' of type [org.apache.seata.spring.boot.autoconfigure.SeataCoreAutoConfiguration] is not eligible for getting processed by all BeanPostProcessors (for example: not eligible for auto-proxying). Is this bean getting eagerly injected into a currently created BeanPostProcessor []? Check the corresponding BeanPostProcessor declaration and its dependencies.
2025-07-30 17:02:31.143 [main] WARN  [PostProcessorRegistrationDelegate$BeanPostProcessorChecker] - Bean 'springApplicationContextProvider' of type [org.apache.seata.spring.boot.autoconfigure.provider.SpringApplicationContextProvider] is not eligible for getting processed by all BeanPostProcessors (for example: not eligible for auto-proxying). Is this bean getting eagerly injected into a currently created BeanPostProcessor []? Check the corresponding BeanPostProcessor declaration and its dependencies.
2025-07-30 17:02:31.143 [main] WARN  [PostProcessorRegistrationDelegate$BeanPostProcessorChecker] - Bean 'org.apache.seata.spring.boot.autoconfigure.SeataAutoConfiguration' of type [org.apache.seata.spring.boot.autoconfigure.SeataAutoConfiguration] is not eligible for getting processed by all BeanPostProcessors (for example: not eligible for auto-proxying). Is this bean getting eagerly injected into a currently created BeanPostProcessor []? Check the corresponding BeanPostProcessor declaration and its dependencies.
2025-07-30 17:02:31.162 [main] WARN  [PostProcessorRegistrationDelegate$BeanPostProcessorChecker] - Bean 'failureHandler' of type [org.apache.seata.tm.api.DefaultFailureHandlerImpl] is not eligible for getting processed by all BeanPostProcessors (for example: not eligible for auto-proxying). Is this bean getting eagerly injected into a currently created BeanPostProcessor []? Check the corresponding BeanPostProcessor declaration and its dependencies.
2025-07-30 17:02:31.163 [main] WARN  [PostProcessorRegistrationDelegate$BeanPostProcessorChecker] - Bean 'org.springframework.cloud.commons.config.CommonsConfigAutoConfiguration' of type [org.springframework.cloud.commons.config.CommonsConfigAutoConfiguration] is not eligible for getting processed by all BeanPostProcessors (for example: not eligible for auto-proxying). Is this bean getting eagerly injected into a currently created BeanPostProcessor [globalTransactionScanner]? Check the corresponding BeanPostProcessor declaration and its dependencies.
2025-07-30 17:02:31.164 [main] WARN  [PostProcessorRegistrationDelegate$BeanPostProcessorChecker] - Bean 'org.springframework.cloud.client.loadbalancer.LoadBalancerDefaultMappingsProviderAutoConfiguration' of type [org.springframework.cloud.client.loadbalancer.LoadBalancerDefaultMappingsProviderAutoConfiguration] is not eligible for getting processed by all BeanPostProcessors (for example: not eligible for auto-proxying). Is this bean getting eagerly injected into a currently created BeanPostProcessor [globalTransactionScanner]? Check the corresponding BeanPostProcessor declaration and its dependencies.
2025-07-30 17:02:31.164 [main] WARN  [PostProcessorRegistrationDelegate$BeanPostProcessorChecker] - Bean 'loadBalancerClientsDefaultsMappingsProvider' of type [org.springframework.cloud.client.loadbalancer.LoadBalancerDefaultMappingsProviderAutoConfiguration$$Lambda$753/0x00000008010e2770] is not eligible for getting processed by all BeanPostProcessors (for example: not eligible for auto-proxying). Is this bean getting eagerly injected into a currently created BeanPostProcessor [globalTransactionScanner]? Check the corresponding BeanPostProcessor declaration and its dependencies.
2025-07-30 17:02:31.164 [main] WARN  [PostProcessorRegistrationDelegate$BeanPostProcessorChecker] - Bean 'defaultsBindHandlerAdvisor' of type [org.springframework.cloud.commons.config.DefaultsBindHandlerAdvisor] is not eligible for getting processed by all BeanPostProcessors (for example: not eligible for auto-proxying). Is this bean getting eagerly injected into a currently created BeanPostProcessor [globalTransactionScanner]? Check the corresponding BeanPostProcessor declaration and its dependencies.
2025-07-30 17:02:31.166 [main] WARN  [PostProcessorRegistrationDelegate$BeanPostProcessorChecker] - Bean 'springCloudAlibabaConfiguration' of type [org.apache.seata.spring.boot.autoconfigure.properties.SpringCloudAlibabaConfiguration] is not eligible for getting processed by all BeanPostProcessors (for example: not eligible for auto-proxying). Is this bean getting eagerly injected into a currently created BeanPostProcessor [globalTransactionScanner]? Check the corresponding BeanPostProcessor declaration and its dependencies.
2025-07-30 17:02:31.167 [main] WARN  [PostProcessorRegistrationDelegate$BeanPostProcessorChecker] - Bean 'seataProperties' of type [org.apache.seata.spring.boot.autoconfigure.properties.SeataProperties] is not eligible for getting processed by all BeanPostProcessors (for example: not eligible for auto-proxying). Is this bean getting eagerly injected into a currently created BeanPostProcessor [globalTransactionScanner]? Check the corresponding BeanPostProcessor declaration and its dependencies.
2025-07-30 17:02:31.169 [main] INFO  [SeataAutoConfiguration] - Automatically configure Seata
2025-07-30 17:02:31.177 [main] INFO  [EnhancedServiceLoader$InnerEnhancedServiceLoader] - Load compatible class io.seata.spring.annotation.ScannerChecker
2025-07-30 17:02:31.194 [main] INFO  [EnhancedServiceLoader$InnerEnhancedServiceLoader] - Ignore load compatible class io.seata.config.ExtConfigurationProvider, because is not assignable from origin type org.apache.seata.config.ExtConfigurationProvider
2025-07-30 17:02:31.198 [main] INFO  [ConfigurationFactory] - load Configuration from :Spring Configuration
2025-07-30 17:02:31.206 [main] INFO  [EnhancedServiceLoader$InnerEnhancedServiceLoader] - Load compatible class io.seata.integration.tx.api.remoting.RemotingParser
2025-07-30 17:02:31.206 [main] INFO  [GlobalTransactionScanner] - Initializing Global Transaction Clients ... 
2025-07-30 17:02:31.232 [main] INFO  [EnhancedServiceLoader$InnerEnhancedServiceLoader] - Load compatible class io.seata.core.auth.AuthSigner
2025-07-30 17:02:31.237 [main] INFO  [NettyClientBootstrap] - NettyClientBootstrap has started
2025-07-30 17:02:31.242 [main] INFO  [RegistryFactory] - use registry center type: file
2025-07-30 17:02:31.244 [main] INFO  [EnhancedServiceLoader$InnerEnhancedServiceLoader] - Load compatible class io.seata.discovery.registry.RegistryProvider
2025-07-30 17:02:31.245 [main] INFO  [NettyClientChannelManager] - will connect to 127.0.0.1:8091
2025-07-30 17:02:31.247 [main] INFO  [NettyPoolableFactory] - NettyPool create channel to transactionRole:TMROLE,address:127.0.0.1:8091,msg:< RegisterTMRequest{version='2.1.0', applicationId='iam-service', transactionServiceGroup='default_tx_group', extraData='ak=null
digest=default_tx_group,192.168.64.1,1753866151246
timestamp=1753866151246
authVersion=V4
vgroup=default_tx_group
ip=192.168.64.1
'} >
2025-07-30 17:02:31.291 [NettyClientSelector_TMROLE_1_1] INFO  [EnhancedServiceLoader$InnerEnhancedServiceLoader] - Load compatible class io.seata.core.serializer.Serializer
2025-07-30 17:02:31.304 [main] INFO  [TmNettyRemotingClient] - register TM success. client version:2.1.0, server version:2.0.0,channel:[id: 0x7f7d6528, L:/127.0.0.1:52461 - R:/127.0.0.1:8091]
2025-07-30 17:02:31.306 [main] INFO  [NettyPoolableFactory] - register success, cost 24 ms, version:2.0.0,role:TMROLE,channel:[id: 0x7f7d6528, L:/127.0.0.1:52461 - R:/127.0.0.1:8091]
2025-07-30 17:02:31.307 [main] INFO  [GlobalTransactionScanner] - Transaction Manager Client is initialized. applicationId[iam-service] txServiceGroup[default_tx_group]
2025-07-30 17:02:31.312 [main] INFO  [EnhancedServiceLoader$InnerEnhancedServiceLoader] - Load compatible class io.seata.core.model.ResourceManager
2025-07-30 17:02:31.312 [main] INFO  [AsyncWorker] - Async Commit Buffer Limit: 10000
2025-07-30 17:02:31.313 [main] INFO  [ResourceManagerXA] - ResourceManagerXA init ...
2025-07-30 17:02:31.315 [main] INFO  [NettyClientBootstrap] - NettyClientBootstrap has started
2025-07-30 17:02:31.315 [main] INFO  [GlobalTransactionScanner] - Resource Manager is initialized. applicationId[iam-service] txServiceGroup[default_tx_group]
2025-07-30 17:02:31.315 [main] INFO  [GlobalTransactionScanner] - Global Transaction Clients are initialized. 
2025-07-30 17:02:31.351 [main] INFO  [GlobalTransactionScanner] - The needed enhancement business beans are : []
2025-07-30 17:02:31.604 [main] INFO  [TomcatWebServer] - Tomcat initialized with port 8081 (http)
2025-07-30 17:02:31.608 [main] INFO  [Http11NioProtocol] - Initializing ProtocolHandler ["http-nio-8081"]
2025-07-30 17:02:31.609 [main] INFO  [StandardService] - Starting service [Tomcat]
2025-07-30 17:02:31.609 [main] INFO  [StandardEngine] - Starting Servlet engine: [Apache Tomcat/10.1.19]
2025-07-30 17:02:31.637 [main] INFO  [[/]] - Initializing Spring embedded WebApplicationContext
2025-07-30 17:02:31.637 [main] INFO  [ServletWebServerApplicationContext] - Root WebApplicationContext: initialization completed in 1153 ms
Standard Commons Logging discovery in action with spring-jcl: please remove commons-logging.jar from classpath in order to avoid potential conflicts
2025-07-30 17:02:32.148 [main] INFO  [CacheAutoConfiguration] - 创建RedisService Bean，RedisTemplate: RedisTemplate, StringRedisTemplate: StringRedisTemplate
2025-07-30 17:02:32.152 [main] INFO  [CacheAutoConfiguration] - 创建UserSessionService Bean - 使用新的session包架构
2025-07-30 17:02:32.154 [main] INFO  [SecurityAutoConfiguration] - 初始化Sa-Token认证策略
2025-07-30 17:02:32.155 [main] INFO  [SecurityAutoConfiguration] - 初始化OAuth2.0认证策略
2025-07-30 17:02:32.156 [main] INFO  [AuthenticationStrategyFactory] - 注册认证策略: type=satoken, class=SaTokenAuthenticationStrategy
2025-07-30 17:02:32.156 [main] INFO  [AuthenticationStrategyFactory] - 注册认证策略: type=oauth2, class=OAuth2AuthenticationStrategy
2025-07-30 17:02:32.188 [main] INFO  [DynamicDataSourceAutoConfiguration] - DynamicDataSourceProperties loaded: DynamicDataSourceProperties(primary=master1, strict=false, seata=false, p6spy=false, datasource={master1=DynamicDataSourceProperties.DataSourceProperties(type=MYSQL, poolType=HIKARI, host=localhost, port=3306, database=synapse_iam, username=root, password=mamnan920130., params={useUnicode=true, characterEncoding=utf8, useSSL=false, serverTimezone=Asia/Shanghai}, hikari=DynamicDataSourceProperties.HikariPoolProperties(minimumIdle=5, maximumPoolSize=15, idleTimeout=30000, maxLifetime=1800000, connectionTimeout=30000, connectionTestQuery=SELECT 1), druid=DynamicDataSourceProperties.DruidPoolProperties(initialSize=5, minIdle=5, maxActive=20, maxWait=60000, timeBetweenEvictionRunsMillis=60000, minEvictableIdleTimeMillis=300000, maxEvictableIdleTimeMillis=900000, validationQuery=SELECT 1, testWhileIdle=true, testOnBorrow=false, testOnReturn=false, poolPreparedStatements=true, maxPoolPreparedStatementPerConnectionSize=20, filters=stat,wall))})
2025-07-30 17:02:32.196 [main] INFO  [DynamicDataSourceAutoConfiguration] - Initialized datasource [master1] with type [MYSQL] and pool [HIKARI]
2025-07-30 17:02:32.196 [main] INFO  [DynamicDataSourceAutoConfiguration] - Setting default data source: master1
2025-07-30 17:02:32.205 [main] INFO  [HikariDataSource] - HikariPool-1 - Starting...
2025-07-30 17:02:32.305 [main] INFO  [HikariPool] - HikariPool-1 - Added connection com.mysql.cj.jdbc.ConnectionImpl@7bf3bf2e
2025-07-30 17:02:32.306 [main] INFO  [HikariDataSource] - HikariPool-1 - Start completed.
2025-07-30 17:02:32.316 [main] INFO  [MybatisPlusConfig] - MybatisPlusConfig 已加载
2025-07-30 17:02:32.329 [main] INFO  [DynamicRoutingDataSource] - 使用默认数据源: [master1]
2025-07-30 17:02:32.329 [main] INFO  [DynamicRoutingDataSource] - 查找数据源，key: [master1], 可用keys: [master1]
2025-07-30 17:02:32.329 [main] INFO  [DynamicRoutingDataSource] - 数据源查找成功，key: [master1], 数据源类型: HikariDataSource
2025-07-30 17:02:32.368 [main] INFO  [NettyClientChannelManager] - will connect to 127.0.0.1:8091
2025-07-30 17:02:32.368 [main] INFO  [RmNettyRemotingClient] - RM will register :jdbc:mysql://localhost:3306/synapse_iam
2025-07-30 17:02:32.368 [main] INFO  [NettyPoolableFactory] - NettyPool create channel to transactionRole:RMROLE,address:127.0.0.1:8091,msg:< RegisterRMRequest{resourceIds='jdbc:mysql://localhost:3306/synapse_iam', version='2.1.0', applicationId='iam-service', transactionServiceGroup='default_tx_group', extraData='null'} >
2025-07-30 17:02:32.372 [main] INFO  [RmNettyRemotingClient] - register RM success. client version:2.1.0, server version:2.0.0,channel:[id: 0xd446dcd0, L:/127.0.0.1:52464 - R:/127.0.0.1:8091]
2025-07-30 17:02:32.372 [main] INFO  [NettyPoolableFactory] - register success, cost 3 ms, version:2.0.0,role:RMROLE,channel:[id: 0xd446dcd0, L:/127.0.0.1:52464 - R:/127.0.0.1:8091]
2025-07-30 17:02:32.374 [main] INFO  [EnhancedServiceLoader$InnerEnhancedServiceLoader] - Load compatible class io.seata.core.context.ContextCore
Logging initialized using 'class org.apache.ibatis.logging.stdout.StdOutImpl' adapter.
2025-07-30 17:02:32.397 [main] INFO  [MybatisPlusConfig] - 手动注册 MetaObjectHandler Bean
2025-07-30 17:02:32.397 [main] INFO  [MyMetaObjectHandler] - MyMetaObjectHandler Bean 已创建
Get /10.8.20.212 network interface 
Get network interface info: name:en0 (en0)
Initialization Sequence datacenterId:25 workerId:29
 _ _   |_  _ _|_. ___ _ |    _ 
| | |\/|_)(_| | |_\  |_)||_|_\ 
     /               |         
                        3.5.8 
2025-07-30 17:02:32.506 [main] INFO  [CacheAutoConfiguration] - 创建RateLimitService Bean
2025-07-30 17:02:32.532 [main] INFO  [JWTStpLogic] - JWT认证逻辑初始化完成 - 基于Sa-Token框架，支持微服务间JWT调用
2025-07-30 17:02:32.538 [main] INFO  [PermissionManager] - 权限管理服务初始化完成
2025-07-30 17:02:32.601 [main] INFO  [SecurityAutoConfiguration] - WebMVC安全配置已加载
2025-07-30 17:02:32.603 [main] INFO  [SecurityAutoConfiguration] - 初始化用户上下文拦截器
2025-07-30 17:02:32.604 [main] INFO  [SecurityAutoConfiguration] - 创建JWT Sa-Token配置Bean for WebMVC
2025-07-30 17:02:32.604 [main] INFO  [JWTSaTokenConfiguration] - JWTSaTokenConfiguration 已加载 - 基于Sa-Token框架，支持JWT token生成
2025-07-30 17:02:32.630 [main] INFO  [JWTSaTokenConfiguration] - 用户上下文拦截器已注册
____ ____    ___ ____ _  _ ____ _  _ 
[__  |__| __  |  |  | |_/  |___ |\ | 
___] |  |     |  |__| | \_ |___ | \| 
https://sa-token.cc (v1.38.0)
2025-07-30 17:02:32.767 [main] INFO  [SecurityAutoConfiguration] - 初始化OAuth2.0模板
2025-07-30 17:02:32.792 [main] INFO  [ClientAuthPluginManager] - [ClientAuthPluginManager] Load ClientAuthService com.alibaba.nacos.client.auth.impl.NacosClientAuthServiceImpl success.
2025-07-30 17:02:32.792 [main] INFO  [ClientAuthPluginManager] - [ClientAuthPluginManager] Load ClientAuthService com.alibaba.nacos.client.auth.ram.RamClientAuthServiceImpl success.
2025-07-30 17:02:32.843 [main] INFO  [CacheAutoConfiguration] - 创建DistributedLockService Bean
2025-07-30 17:02:32.850 [main] WARN  [EventHandlerRegistry] - No event handlers found
2025-07-30 17:02:32.852 [main] INFO  [EventsAutoConfiguration] - Initializing UnifiedRocketMQEventPublisher with properties: EventsProperties(enabled=true, autoGenerateTransactionId=true, duplicateCheck=EventsProperties.DuplicateCheck(enabled=true, useRedis=true, localCacheSize=1000, expireMinutes=5, redisKeyPrefix=synapse:events:duplicate:), rocketmq=EventsProperties.RocketMQ(nameServer=localhost:9876, producerGroup=synapse-events-producer, consumerGroup=synapse-events-consumer, topicPrefix=synapse-events, sendTimeout=3000, pullTimeout=3000, pullBatchSize=32, consumerThreadPoolSize=20, enableRetry=true, maxRetryTimes=3, retryInterval=1000, enableCompression=true, compressionLevel=5), reliable=EventsProperties.ReliableConsumer(heartbeatInterval=30, failureTimeout=90, dedupExpireSeconds=3600, lockTimeout=30, batchSize=10, concurrency=4, retryInterval=1000, maxRetryCount=3, errorRateThreshold=5.0, latencyThreshold=5000, queueBacklogThreshold=1000), monitoring=EventsProperties.Monitoring(enabled=true, metricsInterval=60, detailedLogging=false, dataRetentionHours=24, alert=EventsProperties.Monitoring.Alert(enabled=true, notificationType=log, thresholds=EventsProperties.Monitoring.Alert.Thresholds(errorRate=5.0, latency=5000, queueBacklog=1000))))
2025-07-30 17:02:33.001 [main] INFO  [UnifiedRocketMQEventPublisher] - Unified RocketMQ producer started: group=synapse-events-producer, nameServer=localhost:9876
2025-07-30 17:02:33.001 [main] INFO  [UnifiedRocketMQEventPublisher] - Duplicate check enabled: true, use Redis: true
2025-07-30 17:02:33.004 [main] INFO  [EventsAutoConfiguration] - Initializing ReliableRocketMQEventConsumer with properties: EventsProperties(enabled=true, autoGenerateTransactionId=true, duplicateCheck=EventsProperties.DuplicateCheck(enabled=true, useRedis=true, localCacheSize=1000, expireMinutes=5, redisKeyPrefix=synapse:events:duplicate:), rocketmq=EventsProperties.RocketMQ(nameServer=localhost:9876, producerGroup=synapse-events-producer, consumerGroup=synapse-events-consumer, topicPrefix=synapse-events, sendTimeout=3000, pullTimeout=3000, pullBatchSize=32, consumerThreadPoolSize=20, enableRetry=true, maxRetryTimes=3, retryInterval=1000, enableCompression=true, compressionLevel=5), reliable=EventsProperties.ReliableConsumer(heartbeatInterval=30, failureTimeout=90, dedupExpireSeconds=3600, lockTimeout=30, batchSize=10, concurrency=4, retryInterval=1000, maxRetryCount=3, errorRateThreshold=5.0, latencyThreshold=5000, queueBacklogThreshold=1000), monitoring=EventsProperties.Monitoring(enabled=true, metricsInterval=60, detailedLogging=false, dataRetentionHours=24, alert=EventsProperties.Monitoring.Alert(enabled=true, notificationType=log, thresholds=EventsProperties.Monitoring.Alert.Thresholds(errorRate=5.0, latency=5000, queueBacklog=1000))))
2025-07-30 17:02:33.159 [main] INFO  [ReliableRocketMQEventConsumer] - Reliable RocketMQ consumer initialized: instance=iam-service-shixiechengdeMacBook-Pro.local-8081-1753866153007, group=synapse-events-consumer, nameServer=localhost:9876, topicPattern=synapse-events-*
2025-07-30 17:02:33.437 [main] INFO  [EndpointLinksResolver] - Exposing 1 endpoint(s) beneath base path '/actuator'
2025-07-30 17:02:33.479 [main] INFO  [DynamicRoutingDataSource] - 使用默认数据源: [master1]
2025-07-30 17:02:33.479 [main] INFO  [DynamicRoutingDataSource] - 查找数据源，key: [master1], 可用keys: [master1]
2025-07-30 17:02:33.479 [main] INFO  [DynamicRoutingDataSource] - 数据源查找成功，key: [master1], 数据源类型: HikariDataSource
2025-07-30 17:02:33.479 [main] INFO  [DynamicRoutingDataSource] - 使用默认数据源: [master1]
2025-07-30 17:02:33.479 [main] INFO  [DynamicRoutingDataSource] - 查找数据源，key: [master1], 可用keys: [master1]
2025-07-30 17:02:33.479 [main] INFO  [DynamicRoutingDataSource] - 数据源查找成功，key: [master1], 数据源类型: HikariDataSource
2025-07-30 17:02:33.480 [main] INFO  [DynamicRoutingDataSource] - 使用默认数据源: [master1]
2025-07-30 17:02:33.481 [main] INFO  [DynamicRoutingDataSource] - 查找数据源，key: [master1], 可用keys: [master1]
2025-07-30 17:02:33.481 [main] INFO  [DynamicRoutingDataSource] - 数据源查找成功，key: [master1], 数据源类型: HikariDataSource
2025-07-30 17:02:33.481 [main] INFO  [DynamicRoutingDataSource] - 使用默认数据源: [master1]
2025-07-30 17:02:33.481 [main] INFO  [DynamicRoutingDataSource] - 查找数据源，key: [master1], 可用keys: [master1]
2025-07-30 17:02:33.481 [main] INFO  [DynamicRoutingDataSource] - 数据源查找成功，key: [master1], 数据源类型: HikariDataSource
2025-07-30 17:02:33.482 [main] INFO  [Http11NioProtocol] - Starting ProtocolHandler ["http-nio-8081"]
2025-07-30 17:02:33.597 [main] WARN  [AnnotationConfigServletWebServerApplicationContext] - Exception encountered during context initialization - cancelling refresh attempt: org.springframework.context.ApplicationContextException: Failed to start bean 'webServerStartStop'
2025-07-30 17:02:33.601 [main] WARN  [CommonAnnotationBeanPostProcessor] - Destroy method on bean with name 'eventConsumer' threw an exception: java.lang.IllegalStateException: LettuceConnectionFactory has been STOPPED. Use start() to initialize it
2025-07-30 17:02:36.011 [main] INFO  [UnifiedRocketMQEventPublisher] - Unified RocketMQ producer shutdown
2025-07-30 17:02:36.022 [NettyClientSelector_TMROLE_1_1] INFO  [AbstractNettyRemotingClient] - channel inactive: [id: 0x7f7d6528, L:/127.0.0.1:52461 ! R:/127.0.0.1:8091]
2025-07-30 17:02:36.022 [NettyClientSelector_TMROLE_1_1] INFO  [NettyClientChannelManager] - return to pool, rm channel:[id: 0x7f7d6528, L:/127.0.0.1:52461 ! R:/127.0.0.1:8091]
2025-07-30 17:02:36.023 [NettyClientSelector_TMROLE_1_1] INFO  [NettyPoolableFactory] - channel valid false,channel:[id: 0x7f7d6528, L:/127.0.0.1:52461 ! R:/127.0.0.1:8091]
2025-07-30 17:02:36.023 [NettyClientSelector_TMROLE_1_1] INFO  [NettyPoolableFactory] - will destroy channel:[id: 0x7f7d6528, L:/127.0.0.1:52461 ! R:/127.0.0.1:8091]
2025-07-30 17:02:36.023 [NettyClientSelector_TMROLE_1_1] INFO  [AbstractNettyRemotingClient] - ChannelHandlerContext(AbstractNettyRemotingClient$ClientHandler#0, [id: 0x7f7d6528, L:/127.0.0.1:52461 ! R:/127.0.0.1:8091]) will closed
2025-07-30 17:02:36.023 [NettyClientSelector_TMROLE_1_1] INFO  [AbstractNettyRemotingClient] - ChannelHandlerContext(AbstractNettyRemotingClient$ClientHandler#0, [id: 0x7f7d6528, L:/127.0.0.1:52461 ! R:/127.0.0.1:8091]) will closed
2025-07-30 17:02:36.023 [NettyClientSelector_RMROLE_1_1] INFO  [AbstractNettyRemotingClient] - channel inactive: [id: 0xd446dcd0, L:/127.0.0.1:52464 ! R:/127.0.0.1:8091]
2025-07-30 17:02:36.023 [NettyClientSelector_RMROLE_1_1] INFO  [NettyClientChannelManager] - return to pool, rm channel:[id: 0xd446dcd0, L:/127.0.0.1:52464 ! R:/127.0.0.1:8091]
2025-07-30 17:02:36.023 [NettyClientSelector_RMROLE_1_1] INFO  [NettyPoolableFactory] - channel valid false,channel:[id: 0xd446dcd0, L:/127.0.0.1:52464 ! R:/127.0.0.1:8091]
2025-07-30 17:02:36.023 [NettyClientSelector_RMROLE_1_1] INFO  [NettyPoolableFactory] - will destroy channel:[id: 0xd446dcd0, L:/127.0.0.1:52464 ! R:/127.0.0.1:8091]
2025-07-30 17:02:36.023 [NettyClientSelector_RMROLE_1_1] INFO  [AbstractNettyRemotingClient] - ChannelHandlerContext(AbstractNettyRemotingClient$ClientHandler#0, [id: 0xd446dcd0, L:/127.0.0.1:52464 ! R:/127.0.0.1:8091]) will closed
2025-07-30 17:02:36.023 [NettyClientSelector_RMROLE_1_1] INFO  [AbstractNettyRemotingClient] - ChannelHandlerContext(AbstractNettyRemotingClient$ClientHandler#0, [id: 0xd446dcd0, L:/127.0.0.1:52464 ! R:/127.0.0.1:8091]) will closed
2025-07-30 17:02:36.025 [main] INFO  [StandardService] - Stopping service [Tomcat]
2025-07-30 17:02:36.044 [main] INFO  [ConditionEvaluationReportLogger] - 

Error starting ApplicationContext. To display the condition evaluation report re-run your application with 'debug' enabled.
2025-07-30 17:02:36.057 [main] ERROR [LoggingFailureAnalysisReporter] - 

***************************
APPLICATION FAILED TO START
***************************

Description:

Web server failed to start. Port 8081 was already in use.

Action:

Identify and stop the process that's listening on port 8081 or configure this application to listen on another port.

2025-07-30 17:02:39.057 [Thread-2] WARN  [ThreadPoolManager] - [ThreadPoolManager] Start destroying ThreadPool
2025-07-30 17:02:39.057 [Thread-27] WARN  [HttpClientBeanHolder] - [HttpClientBeanHolder] Start destroying common HttpClient
2025-07-30 17:02:39.057 [Thread-2] WARN  [ThreadPoolManager] - [ThreadPoolManager] Destruction of the end
[INFO] ------------------------------------------------------------------------
[INFO] BUILD FAILURE
[INFO] ------------------------------------------------------------------------
[INFO] Total time:  10.842 s
[INFO] Finished at: 2025-07-30T17:02:39+08:00
[INFO] ------------------------------------------------------------------------
[ERROR] Failed to execute goal org.springframework.boot:spring-boot-maven-plugin:3.5.3:run (default-cli) on project iam-core: Process terminated with exit code: 1 -> [Help 1]
[ERROR] 
[ERROR] To see the full stack trace of the errors, re-run Maven with the -e switch.
[ERROR] Re-run Maven using the -X switch to enable full debug logging.
[ERROR] 
[ERROR] For more information about the errors and possible solutions, please read the following articles:
[ERROR] [Help 1] http://cwiki.apache.org/confluence/display/MAVEN/MojoExecutionException
